0 info it worked if it ends with ok
1 verbose cli [ '/usr/bin/nodejs', '/usr/bin/npm', 'install', '-g', 'i2c' ]
2 info using npm@1.3.10
3 info using node@v0.10.25
4 verbose cache add [ 'i2c', null ]
5 verbose cache add name=undefined spec="i2c" args=["i2c",null]
6 verbose parsed url { protocol: null,
6 verbose parsed url   slashes: null,
6 verbose parsed url   auth: null,
6 verbose parsed url   host: null,
6 verbose parsed url   port: null,
6 verbose parsed url   hostname: null,
6 verbose parsed url   hash: null,
6 verbose parsed url   search: null,
6 verbose parsed url   query: null,
6 verbose parsed url   pathname: 'i2c',
6 verbose parsed url   path: 'i2c',
6 verbose parsed url   href: 'i2c' }
7 silly makeCacheDir cache dir uid, gid [ 0, 0 ]
8 silly lockFile 0491341d-i2c i2c
9 verbose lock i2c /root/.npm/0491341d-i2c.lock
10 silly lockFile 0491341d-i2c i2c
11 silly lockFile 0491341d-i2c i2c
12 verbose addNamed [ 'i2c', '' ]
13 verbose addNamed [ null, '*' ]
14 silly lockFile f50d1c5b-i2c i2c@
15 verbose lock i2c@ /root/.npm/f50d1c5b-i2c.lock
16 silly addNameRange { name: 'i2c', range: '*', hasData: false }
17 verbose url raw i2c
18 verbose url resolving [ 'https://registry.npmjs.org/', './i2c' ]
19 verbose url resolved https://registry.npmjs.org/i2c
20 info trying registry request attempt 1 at 09:28:28
21 http GET https://registry.npmjs.org/i2c
22 info retry will retry, error on last attempt: Error: getaddrinfo ENOTFOUND
23 info trying registry request attempt 2 at 09:28:58
24 http GET https://registry.npmjs.org/i2c
25 info retry will retry, error on last attempt: Error: getaddrinfo ENOTFOUND
26 info trying registry request attempt 3 at 09:30:19
27 http GET https://registry.npmjs.org/i2c
28 silly lockFile f50d1c5b-i2c i2c@
29 silly lockFile f50d1c5b-i2c i2c@
30 error network getaddrinfo ENOTFOUND
30 error network This is most likely not a problem with npm itself
30 error network and is related to network connectivity.
30 error network In most cases you are behind a proxy or have bad network settings.
30 error network
30 error network If you are behind a proxy, please make sure that the
30 error network 'proxy' config is set properly.  See: 'npm help config'
31 error System Linux 3.8.13-bone64
32 error command "/usr/bin/nodejs" "/usr/bin/npm" "install" "-g" "i2c"
33 error cwd /root/ECE597
34 error node -v v0.10.25
35 error npm -v 1.3.10
36 error syscall getaddrinfo
37 error code ENOTFOUND
38 error errno ENOTFOUND
39 verbose exit [ 1, true ]
